[08/01/2024 01:32:29 AM] [INFO] [test_throttle] [test_throttle] [test_exploration_stage] : 

Started TestThrottleStages test_exploration_stage at 01:32:29 AM on 08/01/2024
[08/01/2024 01:32:29 AM] [INFO] [test_throttle] [test_throttle] [test_exploration_stage] : 
====================================================================================================
[08/01/2024 01:32:30 AM] [DEBUG] [asyncio] [selector_events] [__init__] : Using selector: EpollSelector
[08/01/2024 01:32:30 AM] [DEBUG] [asyncio] [selector_events] [__init__] : Using selector: EpollSelector
[08/01/2024 01:32:30 AM] [DEBUG] [asyncio] [selector_events] [__init__] : Using selector: EpollSelector
[08/01/2024 01:32:30 AM] [DEBUG] [asyncio] [selector_events] [__init__] : Using selector: EpollSelector
[08/01/2024 01:32:30 AM] [DEBUG] [asyncio] [selector_events] [__init__] : Using selector: EpollSelector
[08/01/2024 01:32:30 AM] [DEBUG] [asyncio] [selector_events] [__init__] : Using selector: EpollSelector
[08/01/2024 01:32:30 AM] [DEBUG] [asyncio] [selector_events] [__init__] : Using selector: EpollSelector
[08/01/2024 01:35:04 AM] [INFO] [test_throttle] [test_throttle] [test_exploration_stage] : 

Started TestThrottleStages test_exploration_stage at 01:35:04 AM on 08/01/2024
[08/01/2024 01:35:04 AM] [INFO] [test_throttle] [test_throttle] [test_exploration_stage] : 
====================================================================================================
[08/01/2024 01:35:04 AM] [DEBUG] [asyncio] [selector_events] [__init__] : Using selector: EpollSelector
[08/01/2024 01:35:04 AM] [DEBUG] [asyncio] [selector_events] [__init__] : Using selector: EpollSelector
[08/01/2024 01:35:04 AM] [INFO] [test_throttle] [test_throttle] [test_exploitation_pid] : 

Started TestThrottleStages test_exploitation_pid at 01:35:04 AM on 08/01/2024
[08/01/2024 01:35:04 AM] [INFO] [test_throttle] [test_throttle] [test_exploitation_pid] : 
====================================================================================================
[08/01/2024 01:35:04 AM] [DEBUG] [asyncio] [selector_events] [__init__] : Using selector: EpollSelector
[08/01/2024 01:35:04 AM] [DEBUG] [asyncio] [selector_events] [__init__] : Using selector: EpollSelector
[08/01/2024 01:35:04 AM] [DEBUG] [asyncio] [selector_events] [__init__] : Using selector: EpollSelector
[08/01/2024 01:35:04 AM] [DEBUG] [asyncio] [selector_events] [__init__] : Using selector: EpollSelector
[08/01/2024 01:35:04 AM] [DEBUG] [asyncio] [selector_events] [__init__] : Using selector: EpollSelector
[08/01/2024 01:36:38 AM] [INFO] [test_throttle] [test_throttle] [test_exploration_stage] : 

Started TestThrottleStages test_exploration_stage at 01:36:38 AM on 08/01/2024
[08/01/2024 01:36:38 AM] [INFO] [test_throttle] [test_throttle] [test_exploration_stage] : 
====================================================================================================
[08/01/2024 01:36:38 AM] [DEBUG] [asyncio] [selector_events] [__init__] : Using selector: EpollSelector
[08/01/2024 01:36:38 AM] [DEBUG] [asyncio] [selector_events] [__init__] : Using selector: EpollSelector
[08/01/2024 01:36:39 AM] [INFO] [test_throttle] [test_throttle] [test_exploitation_pid] : 

Started TestThrottleStages test_exploitation_pid at 01:36:39 AM on 08/01/2024
[08/01/2024 01:36:39 AM] [INFO] [test_throttle] [test_throttle] [test_exploitation_pid] : 
====================================================================================================
[08/01/2024 01:36:39 AM] [DEBUG] [asyncio] [selector_events] [__init__] : Using selector: EpollSelector
[08/01/2024 01:36:39 AM] [DEBUG] [asyncio] [selector_events] [__init__] : Using selector: EpollSelector
[08/01/2024 01:36:39 AM] [DEBUG] [asyncio] [selector_events] [__init__] : Using selector: EpollSelector
[08/01/2024 01:36:39 AM] [DEBUG] [asyncio] [selector_events] [__init__] : Using selector: EpollSelector
[08/01/2024 01:36:39 AM] [DEBUG] [asyncio] [selector_events] [__init__] : Using selector: EpollSelector
